<?xml version="1.0" encoding="UTF-8"?>
<testng-results ignored="0" total="1" passed="1" failed="0" skipped="0">
  <reporter-output>
  </reporter-output>
  <suite started-at="2024-12-22T22:46:22 IST" name="Default suite" finished-at="2024-12-22T22:46:39 IST" duration-ms="17544">
    <groups>
    </groups>
    <test started-at="2024-12-22T22:46:22 IST" name="Default test" finished-at="2024-12-22T22:46:39 IST" duration-ms="17544">
      <class name="com.myapp.testcases.LoginPageTest">
        <test-method is-config="true" signature="loadConfig()[pri:0, instance:com.myapp.testcases.LoginPageTest@47faa49c]" started-at="2024-12-22T22:46:22 IST" name="loadConfig" finished-at="2024-12-22T22:46:22 IST" duration-ms="7" status="PASS">
          <reporter-output>
          </reporter-output>
        </test-method> <!-- loadConfig -->
        <test-method is-config="true" signature="setUp()[pri:0, instance:com.myapp.testcases.LoginPageTest@47faa49c]" started-at="2024-12-22T22:46:22 IST" name="setUp" finished-at="2024-12-22T22:46:31 IST" duration-ms="9576" status="PASS">
          <reporter-output>
          </reporter-output>
        </test-method> <!-- setUp -->
        <test-method signature="loginTest()[pri:0, instance:com.myapp.testcases.LoginPageTest@47faa49c]" started-at="2024-12-22T22:46:31 IST" name="loginTest" finished-at="2024-12-22T22:46:39 IST" duration-ms="7303" status="PASS">
          <reporter-output>
          </reporter-output>
        </test-method> <!-- loginTest -->
        <test-method is-config="true" signature="tearDown()[pri:0, instance:com.myapp.testcases.LoginPageTest@47faa49c]" started-at="2024-12-22T22:46:39 IST" name="tearDown" finished-at="2024-12-22T22:46:39 IST" duration-ms="598" status="PASS">
          <reporter-output>
          </reporter-output>
        </test-method> <!-- tearDown -->
      </class> <!-- com.myapp.testcases.LoginPageTest -->
    </test> <!-- Default test -->
  </suite> <!-- Default suite -->
</testng-results>
