<?xml version="1.0" encoding="UTF-8"?>
<!-- Generated by org.testng.reporters.JUnitXMLReporter -->
<testsuite ignored="8" hostname="Samuel" failures="1" tests="9" name="Test" time="93.56" errors="0" timestamp="2024-12-26T00:52:39 IST">
  <testcase classname="com.myapp.testcases.IndexPageTest" name="verifyLogo" time="0.175"/>
  <testcase classname="com.myapp.testcases.IndexPageTest" name="verifyTitle" time="0.029"/>
  <testcase classname="com.myapp.testcases.HomePageTest" name="homePageValidationTest" time="6.75"/>
  <testcase classname="com.myapp.testcases.AccountCreationPageTest" name="verifyCreateAccountPageTest" time="6.788"/>
  <testcase classname="com.myapp.testcases.AccountCreationPageTest" name="verifyCreateAccountPageTest" time="5.244"/>
  <testcase classname="com.myapp.testcases.AccountCreationPageTest" name="verifyCreateAccountPageTest" time="4.717"/>
  <testcase classname="com.myapp.testcases.LoginPageTest" name="loginTest" time="5.317"/>
  <testcase classname="com.myapp.testcases.LoginPageTest" name="loginTest" time="5.561">
    <failure type="java.lang.AssertionError" message="expected [https://www.automationexercise.com/] but found [https://www.automationexercise.com/login]">
      <![CDATA[java.lang.AssertionError: expected [https://www.automationexercise.com/] but found [https://www.automationexercise.com/login]
at com.myapp.testcases.LoginPageTest.loginTest(LoginPageTest.java:44)
at java.base/java.util.ArrayList.forEach(ArrayList.java:1511)
... Removed 33 stack frames]]>
    </failure>
  </testcase> <!-- loginTest -->
  <testcase classname="com.myapp.testcases.SearchResultPageTest" name="productAvailabilityTest" time="8.98"/>
  <testcase classname="com.myapp.base.BaseClass" name="@BeforeSuite beforeSuite" time="0.0">
    <ignored/>
  </testcase> <!-- @BeforeSuite beforeSuite -->
  <testcase classname="com.myapp.base.BaseClass" name="@BeforeSuite beforeSuite" time="0.0">
    <ignored/>
  </testcase> <!-- @BeforeSuite beforeSuite -->
  <testcase classname="com.myapp.base.BaseClass" name="@BeforeSuite beforeSuite" time="0.0">
    <ignored/>
  </testcase> <!-- @BeforeSuite beforeSuite -->
  <testcase classname="com.myapp.base.BaseClass" name="@BeforeSuite beforeSuite" time="0.0">
    <ignored/>
  </testcase> <!-- @BeforeSuite beforeSuite -->
  <testcase classname="com.myapp.base.BaseClass" name="@BeforeTest loadConfig" time="0.0">
    <ignored/>
  </testcase> <!-- @BeforeTest loadConfig -->
  <testcase classname="com.myapp.base.BaseClass" name="@BeforeTest loadConfig" time="0.0">
    <ignored/>
  </testcase> <!-- @BeforeTest loadConfig -->
  <testcase classname="com.myapp.base.BaseClass" name="@BeforeTest loadConfig" time="0.0">
    <ignored/>
  </testcase> <!-- @BeforeTest loadConfig -->
  <testcase classname="com.myapp.base.BaseClass" name="@BeforeTest loadConfig" time="0.0">
    <ignored/>
  </testcase> <!-- @BeforeTest loadConfig -->
</testsuite> <!-- Test -->
